#
# There is insufficient memory for the Java Runtime Environment to continue.
# Native memory allocation (malloc) failed to allocate 1980496 bytes for Chunk::new
# Possible reasons:
#   The system is out of physical RAM or swap space
#   The process is running with CompressedOops enabled, and the Java Heap may be blocking the growth of the native heap
# Possible solutions:
#   Reduce memory load on the system
#   Increase physical memory or swap space
#   Check if swap backing store is full
#   Decrease Java heap size (-Xmx/-Xms)
#   Decrease number of Java threads
#   Decrease Java thread stack sizes (-Xss)
#   Set larger code cache with -XX:ReservedCodeCacheSize=
#   JVM is running with Unscaled Compressed Oops mode in which the Java heap is
#     placed in the first 4GB address space. The Java Heap base address is the
#     maximum limit for the native heap growth. Please use -XX:HeapBaseMinAddress
#     to set the Java Heap base and to place the Java Heap above 4GB virtual address.
# This output file may be truncated or incomplete.
#
#  Out of Memory Error (./src/hotspot/share/memory/arena.cpp:197), pid=7180, tid=4876
#
# JRE version: OpenJDK Runtime Environment (11.0.10) (build 11.0.10+0-b96-7249189)
# Java VM: OpenJDK 64-Bit Server VM (11.0.10+0-b96-7249189, mixed mode, tiered, compressed oops, g1 gc, windows-amd64)
# No core dump will be written. Minidumps are not enabled by default on client versions of Windows
#

---------------  S U M M A R Y ------------

Command Line: --add-opens=java.base/java.util=ALL-UNNAMED --add-opens=java.base/java.lang=ALL-UNNAMED --add-opens=java.base/java.lang.invoke=ALL-UNNAMED --add-opens=java.base/java.util=ALL-UNNAMED --add-opens=java.prefs/java.util.prefs=ALL-UNNAMED --add-opens=java.prefs/java.util.prefs=ALL-UNNAMED --add-opens=java.base/java.nio.charset=ALL-UNNAMED --add-opens=java.base/java.net=ALL-UNNAMED --add-opens=java.base/java.util.concurrent.atomic=ALL-UNNAMED -Xmx2048m -Dfile.encoding=UTF-8 -Duser.country=RU -Duser.language=ru -Duser.variant org.gradle.launcher.daemon.bootstrap.GradleDaemon 7.0.2

Host: Intel(R) Celeron(R) CPU G3930 @ 2.90GHz, 2 cores, 7G,  Windows 10 , 64 bit Build 19041 (10.0.19041.1202)
Time: Wed Jul 20 13:53:27 2022 RTZ 2 (зима) elapsed time: 146.595861 seconds (0d 0h 2m 26s)

---------------  T H R E A D  ---------------

Current thread (0x0000025e5bcaa800):  JavaThread "C2 CompilerThread0" daemon [_thread_in_native, id=4876, stack(0x0000006b34d00000,0x0000006b34e00000)]


Current CompileTask:
C2: 146595 10654       4       org.apache.xerces.impl.XMLNSDocumentScannerImpl::scanEndElement (190 bytes)

Stack: [0x0000006b34d00000,0x0000006b34e00000]
Native frames: (J=compiled Java code, j=interpreted, Vv=VM code, C=native code)
V  [jvm.dll+0x5ecfaa]
V  [jvm.dll+0x722bd5]
V  [jvm.dll+0x72412d]
V  [jvm.dll+0x7247e3]
V  [jvm.dll+0x242928]
V  [jvm.dll+0xbc4fc]
V  [jvm.dll+0xbca0c]
V  [jvm.dll+0x352d7d]
V  [jvm.dll+0x320ad3]
V  [jvm.dll+0x31ffca]
V  [jvm.dll+0x1fb602]
V  [jvm.dll+0x1fa7f4]
V  [jvm.dll+0x18354c]
V  [jvm.dll+0x208ee7]
V  [jvm.dll+0x207731]
V  [jvm.dll+0x6eb1cf]
V  [jvm.dll+0x6e3d45]
V  [jvm.dll+0x5ebe96]
C  [ucrtbase.dll+0x21bb2]
C  [KERNEL32.DLL+0x17034]
C  [ntdll.dll+0x52651]


---------------  P R O C E S S  ---------------

Threads class SMR info:
_java_thread_list=0x0000025e64ed4a10, length=44, elements={
0x0000025e425d1000, 0x0000025e5bc8a000, 0x0000025e5bc8b800, 0x0000025e5bca4000,
0x0000025e5bca6000, 0x0000025e5bca7800, 0x0000025e5bcaa800, 0x0000025e5bcad800,
0x0000025e5bcde000, 0x0000025e5c763000, 0x0000025e5d705800, 0x0000025e5c772000,
0x0000025e5e6d1800, 0x0000025e5dcc7000, 0x0000025e5dcc8000, 0x0000025e5d53b000,
0x0000025e5d53d800, 0x0000025e5c9b5000, 0x0000025e5e068000, 0x0000025e5e069000,
0x0000025e5e069800, 0x0000025e5e067000, 0x0000025e5e06a800, 0x0000025e5e06b800,
0x0000025e5e065800, 0x0000025e5e06c000, 0x0000025e5e066800, 0x0000025e606e8000,
0x0000025e606e9000, 0x0000025e606e7000, 0x0000025e606e9800, 0x0000025e606ea800,
0x0000025e606eb000, 0x0000025e606ec000, 0x0000025e606e6800, 0x0000025e606ef800,
0x0000025e606f0000, 0x0000025e606f2800, 0x0000025e606f1000, 0x0000025e606ee800,
0x0000025e606ed000, 0x0000025e606f3800, 0x0000025e606ed800, 0x0000025e64b54800
}

Java Threads: ( => current thread )
  0x0000025e425d1000 JavaThread "main" [_thread_blocked, id=6344, stack(0x0000006b34100000,0x0000006b34200000)]
  0x0000025e5bc8a000 JavaThread "Reference Handler" daemon [_thread_blocked, id=8032, stack(0x0000006b34800000,0x0000006b34900000)]
  0x0000025e5bc8b800 JavaThread "Finalizer" daemon [_thread_blocked, id=5704, stack(0x0000006b34900000,0x0000006b34a00000)]
  0x0000025e5bca4000 JavaThread "Signal Dispatcher" daemon [_thread_blocked, id=7548, stack(0x0000006b34a00000,0x0000006b34b00000)]
  0x0000025e5bca6000 JavaThread "Attach Listener" daemon [_thread_blocked, id=5676, stack(0x0000006b34b00000,0x0000006b34c00000)]
  0x0000025e5bca7800 JavaThread "Service Thread" daemon [_thread_blocked, id=7864, stack(0x0000006b34c00000,0x0000006b34d00000)]
=>0x0000025e5bcaa800 JavaThread "C2 CompilerThread0" daemon [_thread_in_native, id=4876, stack(0x0000006b34d00000,0x0000006b34e00000)]
  0x0000025e5bcad800 JavaThread "C1 CompilerThread0" daemon [_thread_blocked, id=5492, stack(0x0000006b34e00000,0x0000006b34f00000)]
  0x0000025e5bcde000 JavaThread "Sweeper thread" daemon [_thread_blocked, id=4856, stack(0x0000006b34f00000,0x0000006b35000000)]
  0x0000025e5c763000 JavaThread "Common-Cleaner" daemon [_thread_blocked, id=1928, stack(0x0000006b35000000,0x0000006b35100000)]
  0x0000025e5d705800 JavaThread "Daemon health stats" [_thread_blocked, id=7344, stack(0x0000006b33f00000,0x0000006b34000000)]
  0x0000025e5c772000 JavaThread "Incoming local TCP Connector on port 65159" [_thread_in_native, id=2536, stack(0x0000006b35300000,0x0000006b35400000)]
  0x0000025e5e6d1800 JavaThread "Daemon periodic checks" [_thread_blocked, id=8184, stack(0x0000006b35500000,0x0000006b35600000)]
  0x0000025e5dcc7000 JavaThread "Daemon" [_thread_blocked, id=7220, stack(0x0000006b35600000,0x0000006b35700000)]
  0x0000025e5dcc8000 JavaThread "Handler for socket connection from /127.0.0.1:65159 to /127.0.0.1:65160" [_thread_in_native, id=3688, stack(0x0000006b35700000,0x0000006b35800000)]
  0x0000025e5d53b000 JavaThread "Cancel handler" [_thread_blocked, id=4228, stack(0x0000006b35800000,0x0000006b35900000)]
  0x0000025e5d53d800 JavaThread "Daemon worker" [_thread_blocked, id=4224, stack(0x0000006b35900000,0x0000006b35a00000)]
  0x0000025e5c9b5000 JavaThread "Asynchronous log dispatcher for DefaultDaemonConnection: socket connection from /127.0.0.1:65159 to /127.0.0.1:65160" [_thread_blocked, id=1560, stack(0x0000006b35a00000,0x0000006b35b00000)]
  0x0000025e5e068000 JavaThread "Daemon client event forwarder" [_thread_blocked, id=4092, stack(0x0000006b35c00000,0x0000006b35d00000)]
  0x0000025e5e069000 JavaThread "Cache worker for file hash cache (C:\Users\User\.gradle\caches\7.0.2\fileHashes)" [_thread_blocked, id=4776, stack(0x0000006b35d00000,0x0000006b35e00000)]
  0x0000025e5e069800 JavaThread "File lock request listener" [_thread_in_native, id=2084, stack(0x0000006b35e00000,0x0000006b35f00000)]
  0x0000025e5e067000 JavaThread "Cache worker for journal cache (C:\Users\User\.gradle\caches\journal-1)" [_thread_blocked, id=5688, stack(0x0000006b35f00000,0x0000006b36000000)]
  0x0000025e5e06a800 JavaThread "Cache worker for file hash cache (C:\Users\User\AndroidStudioProjects\Diploma\.gradle\7.0.2\fileHashes)" [_thread_blocked, id=7064, stack(0x0000006b36000000,0x0000006b36100000)]
  0x0000025e5e06b800 JavaThread "File watcher server" daemon [_thread_in_native, id=2868, stack(0x0000006b36100000,0x0000006b36200000)]
  0x0000025e5e065800 JavaThread "File watcher consumer" daemon [_thread_blocked, id=7860, stack(0x0000006b36200000,0x0000006b36300000)]
  0x0000025e5e06c000 JavaThread "Cache worker for checksums cache (C:\Users\User\AndroidStudioProjects\Diploma\.gradle\checksums)" [_thread_blocked, id=8044, stack(0x0000006b36300000,0x0000006b36400000)]
  0x0000025e5e066800 JavaThread "Cache worker for cache directory md-supplier (C:\Users\User\.gradle\caches\7.0.2\md-supplier)" [_thread_blocked, id=2176, stack(0x0000006b36400000,0x0000006b36500000)]
  0x0000025e606e8000 JavaThread "Cache worker for cache directory md-rule (C:\Users\User\.gradle\caches\7.0.2\md-rule)" [_thread_blocked, id=6588, stack(0x0000006b36500000,0x0000006b36600000)]
  0x0000025e606e9000 JavaThread "Cache worker for execution history cache (C:\Users\User\.gradle\caches\7.0.2\executionHistory)" [_thread_blocked, id=1452, stack(0x0000006b36600000,0x0000006b36700000)]
  0x0000025e606e7000 JavaThread "jar transforms" [_thread_blocked, id=4932, stack(0x0000006b36700000,0x0000006b36800000)]
  0x0000025e606e9800 JavaThread "jar transforms Thread 2" [_thread_blocked, id=7468, stack(0x0000006b36800000,0x0000006b36900000)]
  0x0000025e606ea800 JavaThread "Cache worker for file content cache (C:\Users\User\.gradle\caches\7.0.2\fileContent)" [_thread_blocked, id=7668, stack(0x0000006b36900000,0x0000006b36a00000)]
  0x0000025e606eb000 JavaThread "Cache worker for dependencies-accessors (C:\Users\User\AndroidStudioProjects\Diploma\.gradle\7.0.2\dependencies-accessors)" [_thread_blocked, id=1768, stack(0x0000006b36a00000,0x0000006b36b00000)]
  0x0000025e606ec000 JavaThread "Cache worker for Build Output Cleanup Cache (C:\Users\User\AndroidStudioProjects\Diploma\.gradle\buildOutputCleanup)" [_thread_blocked, id=7404, stack(0x0000006b36b00000,0x0000006b36c00000)]
  0x0000025e606e6800 JavaThread "Build operations" [_thread_blocked, id=7284, stack(0x0000006b36c00000,0x0000006b36d00000)]
  0x0000025e606ef800 JavaThread "Build operations Thread 2" [_thread_blocked, id=6100, stack(0x0000006b36d00000,0x0000006b36e00000)]
  0x0000025e606f0000 JavaThread "Memory manager" [_thread_blocked, id=3268, stack(0x0000006b33e00000,0x0000006b33f00000)]
  0x0000025e606f2800 JavaThread "build event listener" [_thread_blocked, id=4204, stack(0x0000006b35b00000,0x0000006b35c00000)]
  0x0000025e606f1000 JavaThread "build event listener" [_thread_blocked, id=1796, stack(0x0000006b36f00000,0x0000006b37000000)]
  0x0000025e606ee800 JavaThread "pool-3-thread-1" [_thread_blocked, id=2852, stack(0x0000006b37000000,0x0000006b37100000)]
  0x0000025e606ed000 JavaThread "build event listener" [_thread_blocked, id=5420, stack(0x0000006b37100000,0x0000006b37200000)]
  0x0000025e606f3800 JavaThread "Execution worker for ':'" [_thread_in_native, id=4836, stack(0x0000006b37200000,0x0000006b37300000)]
  0x0000025e606ed800 JavaThread "Cache worker for execution history cache (C:\Users\User\AndroidStudioProjects\Diploma\.gradle\7.0.2\executionHistory)" [_thread_blocked, id=8120, stack(0x0000006b37300000,0x0000006b37400000)]
  0x0000025e64b54800 JavaThread "WorkerExecutor Queue" [_thread_blocked, id=204, stack(0x0000006b37400000,0x0000006b37500000)]

Other Threads:
  0x0000025e5bc82800 VMThread "VM Thread" [stack: 0x0000006b34700000,0x0000006b34800000] [id=2840]
  0x0000025e5c7a8800 WatcherThread [stack: 0x0000006b35100000,0x0000006b35200000] [id=2992]
  0x0000025e425ea800 GCTaskThread "GC Thread#0" [stack: 0x0000006b34200000,0x0000006b34300000] [id=1728]
  0x0000025e5c86a800 GCTaskThread "GC Thread#1" [stack: 0x0000006b35200000,0x0000006b35300000] [id=2060]
  0x0000025e4261a000 ConcurrentGCThread "G1 Main Marker" [stack: 0x0000006b34300000,0x0000006b34400000] [id=2172]
  0x0000025e4261b800 ConcurrentGCThread "G1 Conc#0" [stack: 0x0000006b34400000,0x0000006b34500000] [id=7420]
  0x0000025e426a1800 ConcurrentGCThread "G1 Refine#0" [stack: 0x0000006b34500000,0x0000006b34600000] [id=1588]
  0x0000025e5daf9800 ConcurrentGCThread "G1 Refine#1" [stack: 0x0000006b35400000,0x0000006b35500000] [id=2360]
  0x0000025e426a2800 ConcurrentGCThread "G1 Young RemSet Sampling" [stack: 0x0000006b34600000,0x0000006b34700000] [id=1604]

Threads with active compile tasks:
C2 CompilerThread0 146641 10654       4       org.apache.xerces.impl.XMLNSDocumentScannerImpl::scanEndElement (190 bytes)

VM state:not at safepoint (normal execution)

VM Mutex/Monitor currently owned by a thread: None

Heap address: 0x0000000080000000, size: 2048 MB, Compressed Oops mode: 32-bit
Narrow klass base: 0x0000000000000000, Narrow klass shift: 3
Compressed class space size: 1073741824 Address: 0x0000000100000000

Heap:
 garbage-first heap   total 131072K, used 97106K [0x0000000080000000, 0x0000000100000000)
  region size 1024K, 6 young (6144K), 4 survivors (4096K)
 Metaspace       used 88567K, capacity 90645K, committed 90880K, reserved 1128448K
  class space    used 11230K, capacity 12031K, committed 12032K, reserved 1048576K
Heap Regions: E=young(eden), S=young(survivor), O=old, HS=humongous(starts), HC=humongous(continues), CS=collection set, F=free, A=archive, TAMS=top-at-mark-start (previous, next)
|   0|0x0000000080000000, 0x0000000080100000, 0x0000000080100000|100%| O|  |TAMS 0x0000000080100000, 0x0000000080000000| Untracked 
|   1|0x0000000080100000, 0x0000000080200000, 0x0000000080200000|100%| O|  |TAMS 0x0000000080200000, 0x0000000080100000| Untracked 
|   2|0x0000000080200000, 0x0000000080300000, 0x0000000080300000|100%| O|  |TAMS 0x0000000080300000, 0x0000000080200000| Untracked 
|   3|0x0000000080300000, 0x0000000080400000, 0x0000000080400000|100%| O|  |TAMS 0x0000000080400000, 0x0000000080300000| Untracked 
|   4|0x0000000080400000, 0x0000000080500000, 0x0000000080500000|100%|HS|  |TAMS 0x0000000080500000, 0x0000000080400000| Complete 
|   5|0x0000000080500000, 0x0000000080600000, 0x0000000080600000|100%|HC|  |TAMS 0x0000000080600000, 0x0000000080500000| Complete 
|   6|0x0000000080600000, 0x0000000080700000, 0x0000000080700000|100%|HC|  |TAMS 0x0000000080700000, 0x0000000080600000| Complete 
|   7|0x0000000080700000, 0x0000000080800000, 0x0000000080800000|100%| O|  |TAMS 0x0000000080800000, 0x0000000080700000| Untracked 
|   8|0x0000000080800000, 0x0000000080900000, 0x0000000080900000|100%| O|  |TAMS 0x0000000080900000, 0x0000000080800000| Untracked 
|   9|0x0000000080900000, 0x0000000080a00000, 0x0000000080a00000|100%| O|  |TAMS 0x0000000080a00000, 0x0000000080900000| Untracked 
|  10|0x0000000080a00000, 0x0000000080b00000, 0x0000000080b00000|100%| O|  |TAMS 0x0000000080b00000, 0x0000000080a00000| Untracked 
|  11|0x0000000080b00000, 0x0000000080c00000, 0x0000000080c00000|100%| O|  |TAMS 0x0000000080c00000, 0x0000000080b00000| Untracked 
|  12|0x0000000080c00000, 0x0000000080d00000, 0x0000000080d00000|100%| O|  |TAMS 0x0000000080d00000, 0x0000000080c00000| Untracked 
|  13|0x0000000080d00000, 0x0000000080e00000, 0x0000000080e00000|100%| O|  |TAMS 0x0000000080e00000, 0x0000000080d00000| Untracked 
|  14|0x0000000080e00000, 0x0000000080f00000, 0x0000000080f00000|100%| O|  |TAMS 0x0000000080f00000, 0x0000000080e00000| Untracked 
|  15|0x0000000080f00000, 0x0000000081000000, 0x0000000081000000|100%|HS|  |TAMS 0x0000000081000000, 0x0000000080f00000| Complete 
|  16|0x0000000081000000, 0x0000000081100000, 0x0000000081100000|100%| O|  |TAMS 0x0000000081100000, 0x0000000081000000| Untracked 
|  17|0x0000000081100000, 0x0000000081200000, 0x0000000081200000|100%| O|  |TAMS 0x0000000081200000, 0x0000000081100000| Untracked 
|  18|0x0000000081200000, 0x0000000081300000, 0x0000000081300000|100%| O|  |TAMS 0x0000000081300000, 0x0000000081200000| Untracked 
|  19|0x0000000081300000, 0x0000000081400000, 0x0000000081400000|100%| O|  |TAMS 0x0000000081400000, 0x0000000081300000| Untracked 
|  20|0x0000000081400000, 0x0000000081500000, 0x0000000081500000|100%| O|  |TAMS 0x0000000081500000, 0x0000000081400000| Untracked 
|  21|0x0000000081500000, 0x0000000081600000, 0x0000000081600000|100%| O|  |TAMS 0x0000000081600000, 0x0000000081500000| Untracked 
|  22|0x0000000081600000, 0x0000000081700000, 0x0000000081700000|100%| O|  |TAMS 0x0000000081700000, 0x0000000081600000| Untracked 
|  23|0x0000000081700000, 0x0000000081800000, 0x0000000081800000|100%| O|  |TAMS 0x0000000081800000, 0x0000000081700000| Untracked 
|  24|0x0000000081800000, 0x0000000081900000, 0x0000000081900000|100%| O|  |TAMS 0x0000000081900000, 0x0000000081800000| Untracked 
|  25|0x0000000081900000, 0x0000000081a00000, 0x0000000081a00000|100%| O|  |TAMS 0x0000000081a00000, 0x0000000081900000| Untracked 
|  26|0x0000000081a00000, 0x0000000081b00000, 0x0000000081b00000|100%|HS|  |TAMS 0x0000000081b00000, 0x0000000081a00000| Complete 
|  27|0x0000000081b00000, 0x0000000081c00000, 0x0000000081c00000|100%|HS|  |TAMS 0x0000000081c00000, 0x0000000081b00000| Complete 
|  28|0x0000000081c00000, 0x0000000081d00000, 0x0000000081d00000|100%|HS|  |TAMS 0x0000000081d00000, 0x0000000081c00000| Complete 
|  29|0x0000000081d00000, 0x0000000081e00000, 0x0000000081e00000|100%|HC|  |TAMS 0x0000000081e00000, 0x0000000081d00000| Complete 
|  30|0x0000000081e00000, 0x0000000081f00000, 0x0000000081f00000|100%|HC|  |TAMS 0x0000000081f00000, 0x0000000081e00000| Complete 
|  31|0x0000000081f00000, 0x0000000082000000, 0x0000000082000000|100%|HS|  |TAMS 0x0000000082000000, 0x0000000081f00000| Complete 
|  32|0x0000000082000000, 0x0000000082100000, 0x0000000082100000|100%|HC|  |TAMS 0x0000000082100000, 0x0000000082000000| Complete 
|  33|0x0000000082100000, 0x0000000082200000, 0x0000000082200000|100%| O|  |TAMS 0x0000000082200000, 0x0000000082100000| Untracked 
|  34|0x0000000082200000, 0x0000000082300000, 0x0000000082300000|100%| O|  |TAMS 0x0000000082300000, 0x0000000082200000| Untracked 
|  35|0x0000000082300000, 0x0000000082400000, 0x0000000082400000|100%| O|  |TAMS 0x0000000082400000, 0x0000000082300000| Untracked 
|  36|0x0000000082400000, 0x0000000082500000, 0x0000000082500000|100%| O|  |TAMS 0x0000000082500000, 0x0000000082400000| Untracked 
|  37|0x0000000082500000, 0x0000000082600000, 0x0000000082600000|100%| O|  |TAMS 0x0000000082600000, 0x0000000082500000| Untracked 
|  38|0x0000000082600000, 0x0000000082700000, 0x0000000082700000|100%| O|  |TAMS 0x0000000082700000, 0x0000000082600000| Untracked 
|  39|0x0000000082700000, 0x0000000082800000, 0x0000000082800000|100%| O|  |TAMS 0x0000000082800000, 0x0000000082700000| Untracked 
|  40|0x0000000082800000, 0x0000000082900000, 0x0000000082900000|100%| O|  |TAMS 0x0000000082900000, 0x0000000082800000| Untracked 
|  41|0x0000000082900000, 0x0000000082a00000, 0x0000000082a00000|100%| O|  |TAMS 0x0000000082a00000, 0x0000000082900000| Untracked 
|  42|0x0000000082a00000, 0x0000000082b00000, 0x0000000082b00000|100%| O|  |TAMS 0x0000000082b00000, 0x0000000082a00000| Untracked 
|  43|0x0000000082b00000, 0x0000000082c00000, 0x0000000082c00000|100%| O|  |TAMS 0x0000000082c00000, 0x0000000082b00000| Untracked 
|  44|0x0000000082c00000, 0x0000000082d00000, 0x0000000082d00000|100%| O|  |TAMS 0x0000000082d00000, 0x0000000082c00000| Untracked 
|  45|0x0000000082d00000, 0x0000000082e00000, 0x0000000082e00000|100%| O|  |TAMS 0x0000000082e00000, 0x0000000082d00000| Untracked 
|  46|0x0000000082e00000, 0x0000000082f00000, 0x0000000082f00000|100%| O|  |TAMS 0x0000000082f00000, 0x0000000082e00000| Untracked 
|  47|0x0000000082f00000, 0x0000000083000000, 0x0000000083000000|100%| O|  |TAMS 0x0000000083000000, 0x0000000082f00000| Untracked 
|  48|0x0000000083000000, 0x0000000083100000, 0x0000000083100000|100%| O|  |TAMS 0x0000000083100000, 0x0000000083000000| Untracked 
|  49|0x0000000083100000, 0x0000000083200000, 0x0000000083200000|100%| O|  |TAMS 0x0000000083200000, 0x0000000083100000| Untracked 
|  50|0x0000000083200000, 0x0000000083300000, 0x0000000083300000|100%| O|  |TAMS 0x0000000083300000, 0x0000000083200000| Untracked 
|  51|0x0000000083300000, 0x0000000083400000, 0x0000000083400000|100%| O|  |TAMS 0x0000000083400000, 0x0000000083300000| Untracked 
|  52|0x0000000083400000, 0x0000000083500000, 0x0000000083500000|100%| O|  |TAMS 0x0000000083500000, 0x0000000083400000| Untracked 
|  53|0x0000000083500000, 0x0000000083600000, 0x0000000083600000|100%| O|  |TAMS 0x0000000083600000, 0x0000000083500000| Untracked 
|  54|0x0000000083600000, 0x0000000083700000, 0x0000000083700000|100%| O|  |TAMS 0x0000000083700000, 0x0000000083600000| Untracked 
|  55|0x0000000083700000, 0x0000000083800000, 0x0000000083800000|100%| O|  |TAMS 0x0000000083800000, 0x0000000083700000| Untracked 
|  56|0x0000000083800000, 0x0000000083900000, 0x0000000083900000|100%| O|  |TAMS 0x0000000083900000, 0x0000000083800000| Untracked 
|  57|0x0000000083900000, 0x0000000083a00000, 0x0000000083a00000|100%| O|  |TAMS 0x0000000083a00000, 0x0000000083900000| Untracked 
|  58|0x0000000083a00000, 0x0000000083b00000, 0x0000000083b00000|100%| O|  |TAMS 0x0000000083b00000, 0x0000000083a00000| Untracked 
|  59|0x0000000083b00000, 0x0000000083c00000, 0x0000000083c00000|100%| O|  |TAMS 0x0000000083c00000, 0x0000000083b00000| Untracked 
|  60|0x0000000083c00000, 0x0000000083d00000, 0x0000000083d00000|100%| O|  |TAMS 0x0000000083d00000, 0x0000000083c00000| Untracked 
|  61|0x0000000083d00000, 0x0000000083e00000, 0x0000000083e00000|100%| O|  |TAMS 0x0000000083e00000, 0x0000000083d00000| Untracked 
|  62|0x0000000083e00000, 0x0000000083f00000, 0x0000000083f00000|100%| O|  |TAMS 0x0000000083f00000, 0x0000000083e00000| Untracked 
|  63|0x0000000083f00000, 0x0000000084000000, 0x0000000084000000|100%| O|  |TAMS 0x0000000084000000, 0x0000000083f00000| Untracked 
|  64|0x0000000084000000, 0x0000000084100000, 0x0000000084100000|100%| O|  |TAMS 0x0000000084100000, 0x0000000084000000| Untracked 
|  65|0x0000000084100000, 0x0000000084200000, 0x0000000084200000|100%| O|  |TAMS 0x0000000084200000, 0x0000000084100000| Untracked 
|  66|0x0000000084200000, 0x0000000084300000, 0x0000000084300000|100%| O|  |TAMS 0x0000000084300000, 0x0000000084200000| Untracked 
|  67|0x0000000084300000, 0x0000000084400000, 0x0000000084400000|100%| O|  |TAMS 0x0000000084400000, 0x0000000084300000| Untracked 
|  68|0x0000000084400000, 0x0000000084500000, 0x0000000084500000|100%| O|  |TAMS 0x0000000084500000, 0x0000000084400000| Untracked 
|  69|0x0000000084500000, 0x0000000084600000, 0x0000000084600000|100%| O|  |TAMS 0x0000000084600000, 0x0000000084500000| Untracked 
|  70|0x0000000084600000, 0x0000000084700000, 0x0000000084700000|100%| O|  |TAMS 0x0000000084700000, 0x0000000084600000| Untracked 
|  71|0x0000000084700000, 0x0000000084800000, 0x0000000084800000|100%| O|  |TAMS 0x0000000084800000, 0x0000000084700000| Untracked 
|  72|0x0000000084800000, 0x0000000084900000, 0x0000000084900000|100%| O|  |TAMS 0x0000000084900000, 0x0000000084800000| Untracked 
|  73|0x0000000084900000, 0x0000000084a00000, 0x0000000084a00000|100%| O|  |TAMS 0x0000000084a00000, 0x0000000084900000| Untracked 
|  74|0x0000000084a00000, 0x0000000084b00000, 0x0000000084b00000|100%| O|  |TAMS 0x0000000084b00000, 0x0000000084a00000| Untracked 
|  75|0x0000000084b00000, 0x0000000084c00000, 0x0000000084c00000|100%| O|  |TAMS 0x0000000084c00000, 0x0000000084b00000| Untracked 
|  76|0x0000000084c00000, 0x0000000084d00000, 0x0000000084d00000|100%| O|  |TAMS 0x0000000084d00000, 0x0000000084c00000| Untracked 
|  77|0x0000000084d00000, 0x0000000084e00000, 0x0000000084e00000|100%| O|  |TAMS 0x0000000084e00000, 0x0000000084d00000| Untracked 
|  78|0x0000000084e00000, 0x0000000084f00000, 0x0000000084f00000|100%| O|  |TAMS 0x0000000084f00000, 0x0000000084e00000| Untracked 
|  79|0x0000000084f00000, 0x0000000084f00000, 0x0000000085000000|  0%| F|  |TAMS 0x0000000084f00000, 0x0000000084f00000| Untracked 
|  80|0x0000000085000000, 0x0000000085000000, 0x0000000085100000|  0%| F|  |TAMS 0x0000000085000000, 0x0000000085000000| Untracked 
|  81|0x0000000085100000, 0x0000000085200000, 0x0000000085200000|100%|HS|  |TAMS 0x0000000085100000, 0x0000000085100000| Complete 
|  82|0x0000000085200000, 0x0000000085300000, 0x0000000085300000|100%| O|  |TAMS 0x0000000085200000, 0x0000000085200000| Untracked 
|  83|0x0000000085300000, 0x0000000085400000, 0x0000000085400000|100%| O|  |TAMS 0x0000000085300000, 0x0000000085300000| Untracked 
|  84|0x0000000085400000, 0x0000000085500000, 0x0000000085500000|100%| O|  |TAMS 0x0000000085400000, 0x0000000085400000| Untracked 
|  85|0x0000000085500000, 0x0000000085600000, 0x0000000085600000|100%| O|  |TAMS 0x0000000085500000, 0x0000000085500000| Untracked 
|  86|0x0000000085600000, 0x0000000085700000, 0x0000000085700000|100%| O|  |TAMS 0x0000000085600000, 0x0000000085600000| Untracked 
|  87|0x0000000085700000, 0x0000000085800000, 0x0000000085800000|100%| O|  |TAMS 0x0000000085700000, 0x0000000085700000| Untracked 
|  88|0x0000000085800000, 0x0000000085900000, 0x0000000085900000|100%| O|  |TAMS 0x0000000085800000, 0x0000000085800000| Untracked 
|  89|0x0000000085900000, 0x0000000085a00000, 0x0000000085a00000|100%| O|  |TAMS 0x0000000085900000, 0x0000000085900000| Untracked 
|  90|0x0000000085a00000, 0x0000000085b00000, 0x0000000085b00000|100%| O|  |TAMS 0x0000000085a00000, 0x0000000085a00000| Untracked 
|  91|0x0000000085b00000, 0x0000000085bd4800, 0x0000000085c00000| 83%| O|  |TAMS 0x0000000085b00000, 0x0000000085b00000| Untracked 
|  92|0x0000000085c00000, 0x0000000085c00000, 0x0000000085d00000|  0%| F|  |TAMS 0x0000000085c00000, 0x0000000085c00000| Untracked 
|  93|0x0000000085d00000, 0x0000000085d00000, 0x0000000085e00000|  0%| F|  |TAMS 0x0000000085d00000, 0x0000000085d00000| Untracked 
|  94|0x0000000085e00000, 0x0000000085e00000, 0x0000000085f00000|  0%| F|  |TAMS 0x0000000085e00000, 0x0000000085e00000| Untracked 
|  95|0x0000000085f00000, 0x0000000085f00000, 0x0000000086000000|  0%| F|  |TAMS 0x0000000085f00000, 0x0000000085f00000| Untracked 
|  96|0x0000000086000000, 0x0000000086000000, 0x0000000086100000|  0%| F|  |TAMS 0x0000000086000000, 0x0000000086000000| Untracked 
|  97|0x0000000086100000, 0x0000000086100000, 0x0000000086200000|  0%| F|  |TAMS 0x0000000086100000, 0x0000000086100000| Untracked 
|  98|0x0000000086200000, 0x0000000086200000, 0x0000000086300000|  0%| F|  |TAMS 0x0000000086200000, 0x0000000086200000| Untracked 
|  99|0x0000000086300000, 0x0000000086400000, 0x0000000086400000|100%| S|CS|TAMS 0x0000000086300000, 0x0000000086300000| Complete 
| 100|0x0000000086400000, 0x0000000086500000, 0x0000000086500000|100%| S|CS|TAMS 0x0000000086400000, 0x0000000086400000| Complete 
| 101|0x0000000086500000, 0x0000000086600000, 0x0000000086600000|100%| S|CS|TAMS 0x0000000086500000, 0x0000000086500000| Complete 
| 102|0x0000000086600000, 0x0000000086700000, 0x0000000086700000|100%| S|CS|TAMS 0x0000000086600000, 0x0000000086600000| Complete 
| 103|0x0000000086700000, 0x0000000086700000, 0x0000000086800000|  0%| F|  |TAMS 0x0000000086700000, 0x0000000086700000| Untracked 
| 104|0x0000000086800000, 0x0000000086800000, 0x0000000086900000|  0%| F|  |TAMS 0x0000000086800000, 0x0000000086800000| Untracked 
| 105|0x0000000086900000, 0x0000000086900000, 0x0000000086a00000|  0%| F|  |TAMS 0x0000000086900000, 0x0000000086900000| Untracked 
| 106|0x0000000086a00000, 0x0000000086a00000, 0x0000000086b00000|  0%| F|  |TAMS 0x0000000086a00000, 0x0000000086a00000| Untracked 
| 107|0x0000000086b00000, 0x0000000086b00000, 0x0000000086c00000|  0%| F|  |TAMS 0x0000000086b00000, 0x0000000086b00000| Untracked 
| 108|0x0000000086c00000, 0x0000000086c00000, 0x0000000086d00000|  0%| F|  |TAMS 0x0000000086c00000, 0x0000000086c00000| Untracked 
| 109|0x0000000086d00000, 0x0000000086d00000, 0x0000000086e00000|  0%| F|  |TAMS 0x0000000086d00000, 0x0000000086d00000| Untracked 
| 110|0x0000000086e00000, 0x0000000086e00000, 0x0000000086f00000|  0%| F|  |TAMS 0x0000000086e00000, 0x0000000086e00000| Untracked 
| 111|0x0000000086f00000, 0x0000000086f00000, 0x0000000087000000|  0%| F|  |TAMS 0x0000000086f00000, 0x0000000086f00000| Untracked 
| 112|0x0000000087000000, 0x0000000087000000, 0x0000000087100000|  0%| F|  |TAMS 0x0000000087000000, 0x0000000087000000| Untracked 
| 113|0x0000000087100000, 0x0000000087100000, 0x0000000087200000|  0%| F|  |TAMS 0x0000000087100000, 0x0000000087100000| Untracked 
| 114|0x0000000087200000, 0x0000000087200000, 0x0000000087300000|  0%| F|  |TAMS 0x0000000087200000, 0x0000000087200000| Untracked 
| 115|0x0000000087300000, 0x0000000087300000, 0x0000000087400000|  0%| F|  |TAMS 0x0000000087300000, 0x0000000087300000| Untracked 
| 116|0x0000000087400000, 0x0000000087400000, 0x0000000087500000|  0%| F|  |TAMS 0x0000000087400000, 0x0000000087400000| Untracked 
| 117|0x0000000087500000, 0x0000000087500000, 0x0000000087600000|  0%| F|  |TAMS 0x0000000087500000, 0x0000000087500000| Untracked 
| 118|0x0000000087600000, 0x0000000087600000, 0x0000000087700000|  0%| F|  |TAMS 0x0000000087600000, 0x0000000087600000| Untracked 
| 119|0x0000000087700000, 0x0000000087700000, 0x0000000087800000|  0%| F|  |TAMS 0x0000000087700000, 0x0000000087700000| Untracked 
| 120|0x0000000087800000, 0x0000000087800000, 0x0000000087900000|  0%| F|  |TAMS 0x0000000087800000, 0x0000000087800000| Untracked 
| 121|0x0000000087900000, 0x0000000087900000, 0x0000000087a00000|  0%| F|  |TAMS 0x0000000087900000, 0x0000000087900000| Untracked 
| 122|0x0000000087a00000, 0x0000000087a00000, 0x0000000087b00000|  0%| F|  |TAMS 0x0000000087a00000, 0x0000000087a00000| Untracked 
| 123|0x0000000087b00000, 0x0000000087b00000, 0x0000000087c00000|  0%| F|  |TAMS 0x0000000087b00000, 0x0000000087b00000| Untracked 
| 124|0x0000000087c00000, 0x0000000087c00000, 0x0000000087d00000|  0%| F|  |TAMS 0x0000000087c00000, 0x0000000087c00000| Untracked 
| 125|0x0000000087d00000, 0x0000000087d00000, 0x0000000087e00000|  0%| F|  |TAMS 0x0000000087d00000, 0x0000000087d00000| Untracked 
| 126|0x0000000087e00000, 0x0000000087eea530, 0x0000000087f00000| 91%| E|  |TAMS 0x0000000087e00000, 0x0000000087e00000| Complete 
| 127|0x0000000087f00000, 0x0000000088000000, 0x0000000088000000|100%| E|CS|TAMS 0x0000000087f00000, 0x0000000087f00000| Complete 

Card table byte_map: [0x0000025e550c0000,0x0000025e554c0000] _byte_map_base: 0x0000025e54cc0000

Marking Bits (Prev, Next): (CMBitMap*) 0x0000025e42611328, (CMBitMap*) 0x0000025e42611360
 Prev Bits: [0x0000025e558c0000, 0x0000025e578c0000)
 Next Bits: [0x0000025e578c0000, 0x0000025e598c0000)

Polling page: 0x0000025e403b0000

Metaspace:

Usage:
  Non-class:     76.77 MB capacity,    75.52 MB ( 98%) used,     1.01 MB (  1%) free+waste,   240.31 KB ( <1%) overhead. 
      Class:     11.75 MB capacity,    10.97 MB ( 93%) used,   693.94 KB (  6%) free+waste,   106.94 KB ( <1%) overhead. 
       Both:     88.52 MB capacity,    86.49 MB ( 98%) used,     1.69 MB (  2%) free+waste,   347.25 KB ( <1%) overhead. 

Virtual space:
  Non-class space:       78.00 MB reserved,      77.00 MB ( 99%) committed 
      Class space:        1.00 GB reserved,      11.75 MB (  1%) committed 
             Both:        1.08 GB reserved,      88.75 MB (  8%) committed 

Chunk freelists:
   Non-Class:  42.00 KB
       Class:  1.00 KB
        Both:  43.00 KB

MaxMetaspaceSize: 17179869184.00 GB
CompressedClassSpaceSize: 1.00 GB

CodeHeap 'non-profiled nmethods': size=120064Kb used=6536Kb max_used=6536Kb free=113527Kb
 bounds [0x0000025e4db80000, 0x0000025e4e1f0000, 0x0000025e550c0000]
CodeHeap 'profiled nmethods': size=120000Kb used=24041Kb max_used=24041Kb free=95958Kb
 bounds [0x0000025e46650000, 0x0000025e47dd0000, 0x0000025e4db80000]
CodeHeap 'non-nmethods': size=5696Kb used=2268Kb max_used=2314Kb free=3427Kb
 bounds [0x0000025e460c0000, 0x0000025e46330000, 0x0000025e46650000]
 total_blobs=11527 nmethods=10649 adapters=789
 compilation: enabled
              stopped_count=0, restarted_count=0
 full_count=0

Compilation events (20 events):
Event: 146.332 Thread 0x0000025e5bcad800 10653       3       com.android.ide.common.resources.configuration.FolderConfiguration::<init> (26 bytes)
Event: 146.333 Thread 0x0000025e5bcad800 nmethod 10653 0x0000025e47dc4690 code [0x0000025e47dc4860, 0x0000025e47dc4b68]
Event: 146.399 Thread 0x0000025e5bcaa800 nmethod 10648 0x0000025e4e1dc490 code [0x0000025e4e1dc760, 0x0000025e4e1deee0]
Event: 146.400 Thread 0x0000025e5bcaa800 10649       4       java.lang.String::<init> (74 bytes)
Event: 146.407 Thread 0x0000025e5bcaa800 nmethod 10649 0x0000025e4e1e0390 code [0x0000025e4e1e0540, 0x0000025e4e1e0ab8]
Event: 146.407 Thread 0x0000025e5bcaa800 10650       4       org.apache.xerces.dom.ElementNSImpl::getLocalName (16 bytes)
Event: 146.409 Thread 0x0000025e5bcaa800 nmethod 10650 0x0000025e4e1e0c10 code [0x0000025e4e1e0dc0, 0x0000025e4e1e0f38]
Event: 146.409 Thread 0x0000025e5bcaa800 10655       4       org.apache.xerces.dom.CoreDocumentImpl::checkNamespaceWF (51 bytes)
Event: 146.410 Thread 0x0000025e5bcaa800 nmethod 10655 0x0000025e4e1e1110 code [0x0000025e4e1e12a0, 0x0000025e4e1e1398]
Event: 146.410 Thread 0x0000025e5bcaa800 10656       4       org.apache.xerces.dom.CoreDocumentImpl::checkQName (95 bytes)
Event: 146.430 Thread 0x0000025e5bcaa800 nmethod 10656 0x0000025e4e1e1510 code [0x0000025e4e1e16c0, 0x0000025e4e1e1e98]
Event: 146.430 Thread 0x0000025e5bcaa800 10654       4       org.apache.xerces.impl.XMLNSDocumentScannerImpl::scanEndElement (190 bytes)
Event: 146.473 Thread 0x0000025e5bcad800 10660       3       com.android.ide.common.resources.configuration.CountryCodeQualifier::checkAndSet (18 bytes)
Event: 146.473 Thread 0x0000025e5bcad800 nmethod 10660 0x0000025e47dc4c90 code [0x0000025e47dc4e80, 0x0000025e47dc52c8]
Event: 146.473 Thread 0x0000025e5bcad800 10661   !   3       com.android.ide.common.resources.configuration.NetworkCodeQualifier::checkAndSet (60 bytes)
Event: 146.474 Thread 0x0000025e5bcad800 nmethod 10661 0x0000025e47dc5490 code [0x0000025e47dc56c0, 0x0000025e47dc5dd8]
Event: 146.498 Thread 0x0000025e5bcad800 10663   !   3       org.apache.xerces.parsers.AbstractSAXParser::setEntityResolver (124 bytes)
Event: 146.499 Thread 0x0000025e5bcad800 nmethod 10663 0x0000025e47dc6110 code [0x0000025e47dc6400, 0x0000025e47dc77e8]
Event: 146.555 Thread 0x0000025e5bcad800 10664   !   3       org.apache.xerces.parsers.AbstractSAXParser::getEntityResolver (61 bytes)
Event: 146.555 Thread 0x0000025e5bcad800 nmethod 10664 0x0000025e47dc7e90 code [0x0000025e47dc80e0, 0x0000025e47dc8cf8]

GC Heap History (20 events):
Event: 125.406 GC heap before
{Heap before GC invocations=20 (full 0):
 garbage-first heap   total 131072K, used 96256K [0x0000000080000000, 0x0000000100000000)
  region size 1024K, 42 young (43008K), 5 survivors (5120K)
 Metaspace       used 72025K, capacity 73624K, committed 73856K, reserved 1114112K
  class space    used 9202K, capacity 9804K, committed 9856K, reserved 1048576K
}
Event: 125.422 GC heap after
{Heap after GC invocations=21 (full 0):
 garbage-first heap   total 131072K, used 60975K [0x0000000080000000, 0x0000000100000000)
  region size 1024K, 3 young (3072K), 3 survivors (3072K)
 Metaspace       used 72025K, capacity 73624K, committed 73856K, reserved 1114112K
  class space    used 9202K, capacity 9804K, committed 9856K, reserved 1048576K
}
Event: 135.055 GC heap before
{Heap before GC invocations=21 (full 0):
 garbage-first heap   total 131072K, used 97839K [0x0000000080000000, 0x0000000100000000)
  region size 1024K, 39 young (39936K), 3 survivors (3072K)
 Metaspace       used 76000K, capacity 77646K, committed 77696K, reserved 1116160K
  class space    used 9701K, capacity 10323K, committed 10368K, reserved 1048576K
}
Event: 135.069 GC heap after
{Heap after GC invocations=22 (full 0):
 garbage-first heap   total 131072K, used 63606K [0x0000000080000000, 0x0000000100000000)
  region size 1024K, 5 young (5120K), 5 survivors (5120K)
 Metaspace       used 76000K, capacity 77646K, committed 77696K, reserved 1116160K
  class space    used 9701K, capacity 10323K, committed 10368K, reserved 1048576K
}
Event: 136.324 GC heap before
{Heap before GC invocations=23 (full 0):
 garbage-first heap   total 131072K, used 100470K [0x0000000080000000, 0x0000000100000000)
  region size 1024K, 41 young (41984K), 5 survivors (5120K)
 Metaspace       used 79248K, capacity 81077K, committed 81280K, reserved 1120256K
  class space    used 10144K, capacity 10818K, committed 10880K, reserved 1048576K
}
Event: 136.340 GC heap after
{Heap after GC invocations=24 (full 0):
 garbage-first heap   total 131072K, used 65835K [0x0000000080000000, 0x0000000100000000)
  region size 1024K, 5 young (5120K), 5 survivors (5120K)
 Metaspace       used 79248K, capacity 81077K, committed 81280K, reserved 1120256K
  class space    used 10144K, capacity 10818K, committed 10880K, reserved 1048576K
}
Event: 137.694 GC heap before
{Heap before GC invocations=24 (full 0):
 garbage-first heap   total 131072K, used 102699K [0x0000000080000000, 0x0000000100000000)
  region size 1024K, 41 young (41984K), 5 survivors (5120K)
 Metaspace       used 82448K, capacity 84277K, committed 84608K, reserved 1122304K
  class space    used 10597K, capacity 11292K, committed 11392K, reserved 1048576K
}
Event: 137.709 GC heap after
{Heap after GC invocations=25 (full 0):
 garbage-first heap   total 131072K, used 68684K [0x0000000080000000, 0x0000000100000000)
  region size 1024K, 5 young (5120K), 5 survivors (5120K)
 Metaspace       used 82448K, capacity 84277K, committed 84608K, reserved 1122304K
  class space    used 10597K, capacity 11292K, committed 11392K, reserved 1048576K
}
Event: 139.688 GC heap before
{Heap before GC invocations=26 (full 0):
 garbage-first heap   total 131072K, used 104524K [0x0000000080000000, 0x0000000100000000)
  region size 1024K, 40 young (40960K), 5 survivors (5120K)
 Metaspace       used 85545K, capacity 87496K, committed 87680K, reserved 1126400K
  class space    used 10907K, capacity 11646K, committed 11648K, reserved 1048576K
}
Event: 139.707 GC heap after
{Heap after GC invocations=27 (full 0):
 garbage-first heap   total 131072K, used 72162K [0x0000000080000000, 0x0000000100000000)
  region size 1024K, 5 young (5120K), 5 survivors (5120K)
 Metaspace       used 85545K, capacity 87496K, committed 87680K, reserved 1126400K
  class space    used 10907K, capacity 11646K, committed 11648K, reserved 1048576K
}
Event: 141.507 GC heap before
{Heap before GC invocations=27 (full 0):
 garbage-first heap   total 131072K, used 104930K [0x0000000080000000, 0x0000000100000000)
  region size 1024K, 38 young (38912K), 5 survivors (5120K)
 Metaspace       used 86277K, capacity 88331K, committed 88576K, reserved 1126400K
  class space    used 11007K, capacity 11770K, committed 11776K, reserved 1048576K
}
Event: 141.525 GC heap after
{Heap after GC invocations=28 (full 0):
 garbage-first heap   total 131072K, used 75127K [0x0000000080000000, 0x0000000100000000)
  region size 1024K, 3 young (3072K), 3 survivors (3072K)
 Metaspace       used 86277K, capacity 88331K, committed 88576K, reserved 1126400K
  class space    used 11007K, capacity 11770K, committed 11776K, reserved 1048576K
}
Event: 143.056 GC heap before
{Heap before GC invocations=29 (full 0):
 garbage-first heap   total 131072K, used 105847K [0x0000000080000000, 0x0000000100000000)
  region size 1024K, 34 young (34816K), 3 survivors (3072K)
 Metaspace       used 87091K, capacity 89124K, committed 89344K, reserved 1126400K
  class space    used 11116K, capacity 11917K, committed 12032K, reserved 1048576K
}
Event: 143.066 GC heap after
{Heap after GC invocations=30 (full 0):
 garbage-first heap   total 131072K, used 76538K [0x0000000080000000, 0x0000000100000000)
  region size 1024K, 4 young (4096K), 4 survivors (4096K)
 Metaspace       used 87091K, capacity 89124K, committed 89344K, reserved 1126400K
  class space    used 11116K, capacity 11917K, committed 12032K, reserved 1048576K
}
Event: 144.458 GC heap before
{Heap before GC invocations=30 (full 0):
 garbage-first heap   total 131072K, used 107258K [0x0000000080000000, 0x0000000100000000)
  region size 1024K, 35 young (35840K), 4 survivors (4096K)
 Metaspace       used 88309K, capacity 90328K, committed 90368K, reserved 1128448K
  class space    used 11230K, capacity 12032K, committed 12032K, reserved 1048576K
}
Event: 144.480 GC heap after
{Heap after GC invocations=31 (full 0):
 garbage-first heap   total 131072K, used 80445K [0x0000000080000000, 0x0000000100000000)
  region size 1024K, 5 young (5120K), 5 survivors (5120K)
 Metaspace       used 88309K, capacity 90328K, committed 90368K, reserved 1128448K
  class space    used 11230K, capacity 12032K, committed 12032K, reserved 1048576K
}
Event: 145.545 GC heap before
{Heap before GC invocations=32 (full 0):
 garbage-first heap   total 131072K, used 96829K [0x0000000080000000, 0x0000000100000000)
  region size 1024K, 23 young (23552K), 5 survivors (5120K)
 Metaspace       used 88404K, capacity 90453K, committed 90624K, reserved 1128448K
  class space    used 11229K, capacity 12031K, committed 12032K, reserved 1048576K
}
Event: 145.577 GC heap after
{Heap after GC invocations=33 (full 0):
 garbage-first heap   total 131072K, used 86016K [0x0000000080000000, 0x0000000100000000)
  region size 1024K, 5 young (5120K), 5 survivors (5120K)
 Metaspace       used 88404K, capacity 90453K, committed 90624K, reserved 1128448K
  class space    used 11229K, capacity 12031K, committed 12032K, reserved 1048576K
}
Event: 146.558 GC heap before
{Heap before GC invocations=34 (full 0):
 garbage-first heap   total 131072K, used 108544K [0x0000000080000000, 0x0000000100000000)
  region size 1024K, 25 young (25600K), 5 survivors (5120K)
 Metaspace       used 88566K, capacity 90645K, committed 90880K, reserved 1128448K
  class space    used 11230K, capacity 12031K, committed 12032K, reserved 1048576K
}
Event: 146.584 GC heap after
{Heap after GC invocations=35 (full 0):
 garbage-first heap   total 131072K, used 96082K [0x0000000080000000, 0x0000000100000000)
  region size 1024K, 4 young (4096K), 4 survivors (4096K)
 Metaspace       used 88566K, capacity 90645K, committed 90880K, reserved 1128448K
  class space    used 11230K, capacity 12031K, committed 12032K, reserved 1048576K
}

Deoptimization events (20 events):
Event: 145.804 Thread 0x0000025e606f3800 DEOPT PACKING pc=0x0000025e4e1a5740 sp=0x0000006b372f94f0
Event: 145.804 Thread 0x0000025e606f3800 DEOPT UNPACKING pc=0x0000025e460e6ca9 sp=0x0000006b372f9490 mode 2
Event: 146.242 Thread 0x0000025e606f3800 Uncommon trap: trap_request=0xffffff4d fr.pc=0x0000025e4e18a9e4 relative=0x0000000000000cc4
Event: 146.242 Thread 0x0000025e606f3800 Uncommon trap: reason=unstable_if action=reinterpret pc=0x0000025e4e18a9e4 method=java.lang.Character.isSurrogate(C)Z @ 3 c2
Event: 146.242 Thread 0x0000025e606f3800 DEOPT PACKING pc=0x0000025e4e18a9e4 sp=0x0000006b372f9b30
Event: 146.242 Thread 0x0000025e606f3800 DEOPT UNPACKING pc=0x0000025e460e6ca9 sp=0x0000006b372f9a60 mode 2
Event: 146.242 Thread 0x0000025e606f3800 Uncommon trap: trap_request=0xffffff4d fr.pc=0x0000025e4e1727d4 relative=0x0000000000000034
Event: 146.242 Thread 0x0000025e606f3800 Uncommon trap: reason=unstable_if action=reinterpret pc=0x0000025e4e1727d4 method=java.lang.Character.isSurrogate(C)Z @ 3 c2
Event: 146.242 Thread 0x0000025e606f3800 DEOPT PACKING pc=0x0000025e4e1727d4 sp=0x0000006b372f9ac0
Event: 146.242 Thread 0x0000025e606f3800 DEOPT UNPACKING pc=0x0000025e460e6ca9 sp=0x0000006b372f9a58 mode 2
Event: 146.245 Thread 0x0000025e606f3800 Uncommon trap: trap_request=0xffffff4d fr.pc=0x0000025e4e180bac relative=0x00000000000006ac
Event: 146.245 Thread 0x0000025e606f3800 Uncommon trap: reason=unstable_if action=reinterpret pc=0x0000025e4e180bac method=java.lang.Character.isSurrogate(C)Z @ 3 c2
Event: 146.245 Thread 0x0000025e606f3800 DEOPT PACKING pc=0x0000025e4e180bac sp=0x0000006b372f9b40
Event: 146.245 Thread 0x0000025e606f3800 DEOPT UNPACKING pc=0x0000025e460e6ca9 sp=0x0000006b372f9a60 mode 2
Event: 146.455 Thread 0x0000025e606f3800 DEOPT PACKING pc=0x0000025e47db3617 sp=0x0000006b372f9a90
Event: 146.455 Thread 0x0000025e606f3800 DEOPT UNPACKING pc=0x0000025e460e6abf sp=0x0000006b372f8fb0 mode 0
Event: 146.477 Thread 0x0000025e606f3800 DEOPT PACKING pc=0x0000025e47db3617 sp=0x0000006b372f9a90
Event: 146.477 Thread 0x0000025e606f3800 DEOPT UNPACKING pc=0x0000025e460e6abf sp=0x0000006b372f8fb0 mode 0
Event: 146.487 Thread 0x0000025e606f3800 DEOPT PACKING pc=0x0000025e47db3617 sp=0x0000006b372f9a90
Event: 146.487 Thread 0x0000025e606f3800 DEOPT UNPACKING pc=0x0000025e460e6abf sp=0x0000006b372f8fb0 mode 0

Classes redefined (0 events):
No events

Internal exceptions (20 events):
Event: 137.297 Thread 0x0000025e5d53d800 Exception <a 'java/lang/NoSuchMethodError'{0x000000008651aff0}: 'java.lang.Object java.lang.invoke.Invokers$Holder.linkToTargetMethod(java.lang.Object, int, int, java.lang.Object)'> (0x000000008651aff0) thrown at [./src/hotspot/share/interpreter/linkResolver.cpp, line 773]
Event: 137.999 Thread 0x0000025e5d53d800 Exception <a 'java/lang/NoSuchMethodError'{0x00000000878ea058}: <clinit>> (0x00000000878ea058) thrown at [./src/hotspot/share/prims/jni.cpp, line 1362]
Event: 138.009 Thread 0x0000025e5d53d800 Exception <a 'java/lang/NoSuchMethodError'{0x0000000087724348}: <clinit>> (0x0000000087724348) thrown at [./src/hotspot/share/prims/jni.cpp, line 1362]
Event: 138.071 Thread 0x0000025e5d53d800 Exception <a 'sun/nio/fs/WindowsException'{0x000000008753e100}> (0x000000008753e100) thrown at [./src/hotspot/share/prims/jni.cpp, line 615]
Event: 138.173 Thread 0x0000025e5e068000 Exception <a 'java/lang/NoSuchMethodError'{0x0000000087288d88}: <clinit>> (0x0000000087288d88) thrown at [./src/hotspot/share/prims/jni.cpp, line 1362]
Event: 138.174 Thread 0x0000025e5e068000 Exception <a 'java/lang/NoSuchMethodError'{0x00000000872946f8}: <clinit>> (0x00000000872946f8) thrown at [./src/hotspot/share/prims/jni.cpp, line 1362]
Event: 138.194 Thread 0x0000025e5e068000 Exception <a 'java/lang/NoSuchMethodError'{0x00000000871a7db8}: <clinit>> (0x00000000871a7db8) thrown at [./src/hotspot/share/prims/jni.cpp, line 1362]
Event: 138.195 Thread 0x0000025e5e068000 Exception <a 'java/lang/NoSuchMethodError'{0x00000000871df938}: <clinit>> (0x00000000871df938) thrown at [./src/hotspot/share/prims/jni.cpp, line 1362]
Event: 138.196 Thread 0x0000025e5e068000 Exception <a 'java/lang/NoSuchMethodError'{0x00000000871e10b0}: <clinit>> (0x00000000871e10b0) thrown at [./src/hotspot/share/prims/jni.cpp, line 1362]
Event: 138.234 Thread 0x0000025e606f1000 Exception <a 'java/lang/NoSuchMethodError'{0x00000000870f7758}: <clinit>> (0x00000000870f7758) thrown at [./src/hotspot/share/prims/jni.cpp, line 1362]
Event: 138.244 Thread 0x0000025e606f1000 Exception <a 'java/lang/NoSuchMethodError'{0x0000000086f0c8a8}: <clinit>> (0x0000000086f0c8a8) thrown at [./src/hotspot/share/prims/jni.cpp, line 1362]
Event: 138.247 Thread 0x0000025e606f1000 Exception <a 'java/lang/NoSuchMethodError'{0x0000000086f3e328}: <clinit>> (0x0000000086f3e328) thrown at [./src/hotspot/share/prims/jni.cpp, line 1362]
Event: 138.371 Thread 0x0000025e5e068000 Exception <a 'java/lang/NoSuchMethodError'{0x0000000086dae610}: <clinit>> (0x0000000086dae610) thrown at [./src/hotspot/share/prims/jni.cpp, line 1362]
Event: 138.450 Thread 0x0000025e5d53d800 Exception <a 'java/lang/NoSuchMethodError'{0x0000000086df41b0}: 'java.lang.Object java.lang.invoke.Invokers$Holder.linkToTargetMethod(java.lang.Object, java.lang.Object, java.lang.Object, int, java.lang.Object, java.lang.Object)'> (0x0000000086df41b0) thrown at [./src/hotspot/share/interpreter/linkResolver.cpp, line 773]
Event: 139.743 Thread 0x0000025e606e6800 Exception <a 'java/lang/NoSuchMethodError'{0x0000000087e6f000}: 'java.lang.Object java.lang.invoke.DirectMethodHandle$Holder.invokeSpecialIFC(java.lang.Object, java.lang.Object, java.lang.Object)'> (0x0000000087e6f000) thrown at [./src/hotspot/share/interpreter/linkResolver.cpp, line 773]
Event: 139.975 Thread 0x0000025e5d53d800 Exception <a 'java/lang/NoSuchMethodError'{0x0000000087b13ba0}: 'int java.lang.invoke.DirectMethodHandle$Holder.invokeStaticInit(java.lang.Object, java.lang.Object, java.lang.Object, java.lang.Object, java.lang.Object)'> (0x0000000087b13ba0) thrown at [./src/hotspot/share/interpreter/linkResolver.cpp, line 773]
Event: 142.429 Thread 0x0000025e5d53d800 Exception <a 'java/lang/IncompatibleClassChangeError'{0x0000000087047030}: Found class java.lang.Object, but interface was expected> (0x0000000087047030) thrown at [./src/hotspot/share/interpreter/linkResolver.cpp, line 839]
Event: 142.530 Thread 0x0000025e5d53d800 Exception <a 'java/lang/NoSuchMethodError'{0x0000000086e49c38}: 'void java.lang.invoke.DirectMethodHandle$Holder.invokeVirtual(java.lang.Object, java.lang.Object)'> (0x0000000086e49c38) thrown at [./src/hotspot/share/interpreter/linkResolver.cpp, line 773]
Event: 142.668 Thread 0x0000025e5d53d800 Exception <a 'java/lang/NoSuchMethodError'{0x0000000086bb09c8}: 'void java.lang.invoke.DirectMethodHandle$Holder.invokeStatic(java.lang.Object, java.lang.Object, java.lang.Object, java.lang.Object, java.lang.Object, java.lang.Object, java.lang.Object)'> (0x0000000086bb09c8) thrown at [./src/hotspot/share/interpreter/linkResolver.cpp, line 773]
Event: 142.812 Thread 0x0000025e5e068000 Exception <a 'java/lang/NoSuchMethodError'{0x00000000865b36b0}: <clinit>> (0x00000000865b36b0) thrown at [./src/hotspot/share/prims/jni.cpp, line 1362]

Events (20 events):
Event: 144.196 loading class com/android/resources/Keyboard
Event: 144.196 loading class com/android/resources/Keyboard done
Event: 144.197 loading class com/android/resources/NavigationState
Event: 144.197 loading class com/android/resources/NavigationState done
Event: 144.198 loading class com/android/resources/Navigation
Event: 144.198 loading class com/android/resources/Navigation done
Event: 144.458 Executing VM operation: G1CollectForAllocation
Event: 144.480 Executing VM operation: G1CollectForAllocation done
Event: 144.610 Executing VM operation: CGC_Operation
Event: 144.639 Executing VM operation: CGC_Operation done
Event: 144.710 Executing VM operation: CGC_Operation
Event: 144.710 Executing VM operation: CGC_Operation done
Event: 145.545 Executing VM operation: G1CollectForAllocation
Event: 145.577 Executing VM operation: G1CollectForAllocation done
Event: 145.715 Executing VM operation: CGC_Operation
Event: 145.731 Executing VM operation: CGC_Operation done
Event: 145.802 Executing VM operation: CGC_Operation
Event: 145.803 Executing VM operation: CGC_Operation done
Event: 146.558 Executing VM operation: G1CollectForAllocation
Event: 146.584 Executing VM operation: G1CollectForAllocation done


Dynamic libraries:
0x00007ff6a1cd0000 - 0x00007ff6a1cda000 	C:\Program Files\Android\Android Studio\jre\bin\java.exe
0x00007ff8e4070000 - 0x00007ff8e4265000 	C:\Windows\SYSTEM32\ntdll.dll
0x00007ff8ba7d0000 - 0x00007ff8ba7e7000 	C:\Program Files\Avast Software\Avast\aswhook.dll
0x00007ff8e2170000 - 0x00007ff8e222e000 	C:\Windows\System32\KERNEL32.DLL
0x00007ff8e1c90000 - 0x00007ff8e1f59000 	C:\Windows\System32\KERNELBASE.dll
0x00007ff8e1b30000 - 0x00007ff8e1c30000 	C:\Windows\System32\ucrtbase.dll
0x00007ff8cfbc0000 - 0x00007ff8cfbd9000 	C:\Program Files\Android\Android Studio\jre\bin\jli.dll
0x00007ff8e3e20000 - 0x00007ff8e3fc1000 	C:\Windows\System32\USER32.dll
0x00007ff8e2090000 - 0x00007ff8e20b2000 	C:\Windows\System32\win32u.dll
0x00007ff8e3df0000 - 0x00007ff8e3e1b000 	C:\Windows\System32\GDI32.dll
0x00007ff8e1a20000 - 0x00007ff8e1b2b000 	C:\Windows\System32\gdi32full.dll
0x00007ff8e1f60000 - 0x00007ff8e1ffd000 	C:\Windows\System32\msvcp_win.dll
0x00007ff8bfbb0000 - 0x00007ff8bfe4a000 	C:\Windows\WinSxS\amd64_microsoft.windows.common-controls_6595b64144ccf1df_6.0.19041.1110_none_60b5254171f9507e\COMCTL32.dll
0x00007ff8e28b0000 - 0x00007ff8e294e000 	C:\Windows\System32\msvcrt.dll
0x00007ff8cdb70000 - 0x00007ff8cdb87000 	C:\Program Files\Android\Android Studio\jre\bin\VCRUNTIME140.dll
0x00007ff8e2480000 - 0x00007ff8e24b0000 	C:\Windows\System32\IMM32.DLL
0x00007ff8a2f60000 - 0x00007ff8a2ffd000 	C:\Program Files\Android\Android Studio\jre\bin\msvcp140.dll
0x00007ff88de90000 - 0x00007ff88e95f000 	C:\Program Files\Android\Android Studio\jre\bin\server\jvm.dll
0x00007ff8e2510000 - 0x00007ff8e25bc000 	C:\Windows\System32\ADVAPI32.dll
0x00007ff8e2690000 - 0x00007ff8e272b000 	C:\Windows\System32\sechost.dll
0x00007ff8e3240000 - 0x00007ff8e336a000 	C:\Windows\System32\RPCRT4.dll
0x00007ff8e28a0000 - 0x00007ff8e28a8000 	C:\Windows\System32\PSAPI.DLL
0x00007ff8ce8c0000 - 0x00007ff8ce8c9000 	C:\Windows\SYSTEM32\WSOCK32.dll
0x00007ff8c3360000 - 0x00007ff8c3387000 	C:\Windows\SYSTEM32\WINMM.dll
0x00007ff8e3370000 - 0x00007ff8e33db000 	C:\Windows\System32\WS2_32.dll
0x00007ff8d0240000 - 0x00007ff8d024a000 	C:\Windows\SYSTEM32\VERSION.dll
0x00007ff8df6b0000 - 0x00007ff8df6c2000 	C:\Windows\SYSTEM32\kernel.appcore.dll
0x00007ff8dcb00000 - 0x00007ff8dcb11000 	C:\Program Files\Android\Android Studio\jre\bin\verify.dll
0x00007ff8d0010000 - 0x00007ff8d01f4000 	C:\Windows\SYSTEM32\DBGHELP.DLL
0x00007ff8cffe0000 - 0x00007ff8d000c000 	C:\Windows\SYSTEM32\dbgcore.DLL
0x00007ff8e2000000 - 0x00007ff8e2083000 	C:\Windows\System32\bcryptPrimitives.dll
0x00007ff8d0f10000 - 0x00007ff8d0f39000 	C:\Program Files\Android\Android Studio\jre\bin\java.dll
0x00007ff8dcf90000 - 0x00007ff8dcf9b000 	C:\Program Files\Android\Android Studio\jre\bin\jimage.dll
0x00007ff8da8c0000 - 0x00007ff8da8d8000 	C:\Program Files\Android\Android Studio\jre\bin\zip.dll
0x00007ff8e2950000 - 0x00007ff8e308f000 	C:\Windows\System32\SHELL32.dll
0x00007ff8df8b0000 - 0x00007ff8e0040000 	C:\Windows\SYSTEM32\windows.storage.dll
0x00007ff8e3870000 - 0x00007ff8e3bc5000 	C:\Windows\System32\combase.dll
0x00007ff8e1110000 - 0x00007ff8e113c000 	C:\Windows\SYSTEM32\Wldp.dll
0x00007ff8e3d40000 - 0x00007ff8e3dee000 	C:\Windows\System32\SHCORE.dll
0x00007ff8e3fd0000 - 0x00007ff8e4025000 	C:\Windows\System32\shlwapi.dll
0x00007ff8e16d0000 - 0x00007ff8e16ef000 	C:\Windows\SYSTEM32\profapi.dll
0x00007ff8d15e0000 - 0x00007ff8d15fa000 	C:\Program Files\Android\Android Studio\jre\bin\net.dll
0x00007ff8dcc60000 - 0x00007ff8dcd68000 	C:\Windows\SYSTEM32\WINHTTP.dll
0x00007ff8e0e70000 - 0x00007ff8e0eda000 	C:\Windows\system32\mswsock.dll
0x00007ff8cfe00000 - 0x00007ff8cfe14000 	C:\Program Files\Android\Android Studio\jre\bin\nio.dll
0x00007ff8ca640000 - 0x00007ff8ca667000 	C:\Users\User\.gradle\native\8bec1ad78214c89d9ad589b4d07fe93259594b29d510b10fafb7a158f7737e5d\windows-amd64\native-platform.dll
0x00007ff8c68d0000 - 0x00007ff8c6a0d000 	C:\Users\User\.gradle\native\53dbd7edfb1c66fb8903c78663c9afc45aea4f116125fa6feffd364cf09443e8\windows-amd64\native-platform-file-events.dll
0x00007ff8dcde0000 - 0x00007ff8dcdea000 	C:\Program Files\Android\Android Studio\jre\bin\management.dll
0x00007ff8dcaf0000 - 0x00007ff8dcafc000 	C:\Program Files\Android\Android Studio\jre\bin\management_ext.dll
0x00007ff8e1060000 - 0x00007ff8e1078000 	C:\Windows\SYSTEM32\CRYPTSP.dll
0x00007ff8e07f0000 - 0x00007ff8e0824000 	C:\Windows\system32\rsaenh.dll
0x00007ff8e1890000 - 0x00007ff8e18b7000 	C:\Windows\System32\bcrypt.dll
0x00007ff8e1690000 - 0x00007ff8e16be000 	C:\Windows\SYSTEM32\USERENV.dll
0x00007ff8e1080000 - 0x00007ff8e108c000 	C:\Windows\SYSTEM32\CRYPTBASE.dll
0x00007ff8e0b60000 - 0x00007ff8e0b9b000 	C:\Windows\SYSTEM32\IPHLPAPI.DLL
0x00007ff8e3860000 - 0x00007ff8e3868000 	C:\Windows\System32\NSI.dll
0x00007ff8d1b30000 - 0x00007ff8d1b47000 	C:\Windows\SYSTEM32\dhcpcsvc6.DLL
0x00007ff8d1ae0000 - 0x00007ff8d1afd000 	C:\Windows\SYSTEM32\dhcpcsvc.DLL
0x00007ff8e0ba0000 - 0x00007ff8e0c6c000 	C:\Windows\SYSTEM32\DNSAPI.dll

dbghelp: loaded successfully - version: 4.0.5 - missing functions: none
symbol engine: initialized successfully - sym options: 0x614 - pdb path: .;C:\Program Files\Android\Android Studio\jre\bin;C:\Windows\SYSTEM32;C:\Program Files\Avast Software\Avast;C:\Windows\WinSxS\amd64_microsoft.windows.common-controls_6595b64144ccf1df_6.0.19041.1110_none_60b5254171f9507e;C:\Program Files\Android\Android Studio\jre\bin\server;C:\Users\User\.gradle\native\8bec1ad78214c89d9ad589b4d07fe93259594b29d510b10fafb7a158f7737e5d\windows-amd64;C:\Users\User\.gradle\native\53dbd7edfb1c66fb8903c78663c9afc45aea4f116125fa6feffd364cf09443e8\windows-amd64

VM Arguments:
jvm_args: --add-opens=java.base/java.util=ALL-UNNAMED --add-opens=java.base/java.lang=ALL-UNNAMED --add-opens=java.base/java.lang.invoke=ALL-UNNAMED --add-opens=java.base/java.util=ALL-UNNAMED --add-opens=java.prefs/java.util.prefs=ALL-UNNAMED --add-opens=java.prefs/java.util.prefs=ALL-UNNAMED --add-opens=java.base/java.nio.charset=ALL-UNNAMED --add-opens=java.base/java.net=ALL-UNNAMED --add-opens=java.base/java.util.concurrent.atomic=ALL-UNNAMED -Xmx2048m -Dfile.encoding=UTF-8 -Duser.country=RU -Duser.language=ru -Duser.variant 
java_command: org.gradle.launcher.daemon.bootstrap.GradleDaemon 7.0.2
java_class_path (initial): C:\Users\User\.gradle\wrapper\dists\gradle-7.0.2-bin\857tjihv64xamwrf0h14cai3r\gradle-7.0.2\lib\gradle-launcher-7.0.2.jar
Launcher Type: SUN_STANDARD

[Global flags]
     intx CICompilerCount                          = 2                                         {product} {ergonomic}
     uint ConcGCThreads                            = 1                                         {product} {ergonomic}
     uint G1ConcRefinementThreads                  = 2                                         {product} {ergonomic}
   size_t G1HeapRegionSize                         = 1048576                                   {product} {ergonomic}
    uintx GCDrainStackTargetSize                   = 64                                        {product} {ergonomic}
   size_t InitialHeapSize                          = 134217728                                 {product} {ergonomic}
   size_t MarkStackSize                            = 4194304                                   {product} {ergonomic}
   size_t MaxHeapSize                              = 2147483648                                {product} {command line}
   size_t MaxNewSize                               = 1287651328                                {product} {ergonomic}
   size_t MinHeapDeltaBytes                        = 1048576                                   {product} {ergonomic}
    uintx NonNMethodCodeHeapSize                   = 5825164                                {pd product} {ergonomic}
    uintx NonProfiledCodeHeapSize                  = 122916538                              {pd product} {ergonomic}
    uintx ProfiledCodeHeapSize                     = 122916538                              {pd product} {ergonomic}
    uintx ReservedCodeCacheSize                    = 251658240                              {pd product} {ergonomic}
     bool SegmentedCodeCache                       = true                                      {product} {ergonomic}
     bool UseCompressedClassPointers               = true                                 {lp64_product} {ergonomic}
     bool UseCompressedOops                        = true                                 {lp64_product} {ergonomic}
     bool UseG1GC                                  = true                                      {product} {ergonomic}
     bool UseLargePagesIndividualAllocation        = false                                  {pd product} {ergonomic}

Logging:
Log output configuration:
 #0: stdout all=warning uptime,level,tags
 #1: stderr all=off uptime,level,tags

Environment Variables:
PATH=C:\Program Files\Eclipse Adoptium\jdk-11.0.14.9-hotspot\bin;C:\Windows\system32;C:\Windows;C:\Windows\System32\Wbem;C:\Windows\System32\WindowsPowerShell\v1.0\;C:\Program Files\nodejs\;C:\Program Files\Git\cmd;C:\Users\User\AppData\Local\Microsoft\WindowsApps;C:\Users\User\AppData\Local\Programs\Microsoft VS Code\bin;C:\Server\bin\PHP;C:\Users\User\AppData\Roaming\npm
USERNAME=User
OS=Windows_NT
PROCESSOR_IDENTIFIER=Intel64 Family 6 Model 158 Stepping 9, GenuineIntel



---------------  S Y S T E M  ---------------

OS: Windows 10 , 64 bit Build 19041 (10.0.19041.1202)
OS uptime: 0 days 5:22 hours

CPU:total 2 (initial active 2) (2 cores per cpu, 1 threads per core) family 6 model 158 stepping 9 microcode 0xb4, cmov, cx8, fxsr, mmx, sse, sse2, sse3, ssse3, sse4.1, sse4.2, popcnt, aes, clmul, erms, 3dnowpref, lzcnt, tsc, tscinvbit

Memory: 4k page, system-wide physical 8084M (278M free)
TotalPageFile size 9108M (AvailPageFile size 5M)
current process WorkingSet (physical memory assigned to process): 361M, peak: 365M
current process commit charge ("private bytes"): 390M, peak: 393M

vm_info: OpenJDK 64-Bit Server VM (11.0.10+0-b96-7249189) for windows-amd64 JRE (11.0.10+0-b96-7249189), built on Mar 31 2021 21:44:00 by "builder" with MS VC++ 14.0 (VS2015)

END.
